<?xml version="1.0" encoding="UTF-8"?>
<testng-results ignored="0" total="1" passed="1" failed="0" skipped="0">
  <reporter-output>
  </reporter-output>
  <suite started-at="2020-03-24T19:56:32Z" name="Default suite" finished-at="2020-03-24T19:56:55Z" duration-ms="23743">
    <groups>
      <group name="cucumber">
        <method signature="AbstractTestNGCucumberTests.feature(cucumber.api.testng.CucumberFeatureWrapper)[pri:0, instance:com.careerhack.testrunner.TestRunnner@13acb0d1]" name="feature" class="cucumber.api.testng.AbstractTestNGCucumberTests"/>
      </group> <!-- cucumber -->
    </groups>
    <test started-at="2020-03-24T19:56:32Z" name="Default test" finished-at="2020-03-24T19:56:55Z" duration-ms="23743">
      <class name="com.careerhack.testrunner.TestRunnner">
        <test-method is-config="true" signature="setUpClass()[pri:0, instance:com.careerhack.testrunner.TestRunnner@13acb0d1]" started-at="2020-03-24T15:56:32Z" name="setUpClass" finished-at="2020-03-24T15:56:32Z" duration-ms="259" status="PASS">
          <reporter-output>
          </reporter-output>
        </test-method> <!-- setUpClass -->
        <test-method signature="feature(cucumber.api.testng.CucumberFeatureWrapper)[pri:0, instance:com.careerhack.testrunner.TestRunnner@13acb0d1]" started-at="2020-03-24T15:56:32Z" name="feature" description="Runs Cucumber Feature" data-provider="features" finished-at="2020-03-24T15:56:55Z" duration-ms="23362" status="PASS">
          <params>
            <param index="0">
              <value>
                <![CDATA[user registration]]>
              </value>
            </param>
          </params>
          <reporter-output>
          </reporter-output>
        </test-method> <!-- feature -->
        <test-method is-config="true" signature="tearDownClass()[pri:0, instance:com.careerhack.testrunner.TestRunnner@13acb0d1]" started-at="2020-03-24T15:56:55Z" name="tearDownClass" finished-at="2020-03-24T15:56:55Z" duration-ms="2" status="PASS">
          <reporter-output>
          </reporter-output>
        </test-method> <!-- tearDownClass -->
      </class> <!-- com.careerhack.testrunner.TestRunnner -->
    </test> <!-- Default test -->
  </suite> <!-- Default suite -->
</testng-results>
